<?xml version="1.0" encoding="UTF-8"?>
<!-- Generated by org.testng.reporters.JUnitXMLReporter -->
<testsuite hostname="DESKTOP-43OTTAV" ignored="0" name="Default test" tests="3" failures="0" timestamp="2022-01-20T11:37:47 EST" time="9.942" errors="0">
  <testcase name="ValidatePositiveLogin" time="2.501" classname="TestScripts.sauceValidateEleTSP$validateElements"/>
  <testcase name="ValidatePositiveLogin1" time="2.307" classname="TestScripts.sauceValidateEleTSP$validateElements"/>
  <testcase name="ValidateLockeOutLogin" time="0.282" classname="TestScripts.sauceValidateEleTSP$validateElements"/>
</testsuite> <!-- Default test -->
