<?xml version="1.0" encoding="UTF-8"?>
<testng-results skipped="0" failed="0" ignored="0" total="1" passed="1">
  <reporter-output>
  </reporter-output>
  <suite name="Default suite" duration-ms="7779" started-at="2022-01-15T05:38:29 EST" finished-at="2022-01-15T05:38:36 EST">
    <groups>
    </groups>
    <test name="Default test" duration-ms="7779" started-at="2022-01-15T05:38:29 EST" finished-at="2022-01-15T05:38:36 EST">
      <class name="TestScripts.validateEndtoEndProductBuyTSP">
        <test-method status="PASS" signature="Beforetest()[pri:0, instance:TestScripts.validateEndtoEndProductBuyTSP@9a7504c]" name="Beforetest" is-config="true" duration-ms="3098" started-at="2022-01-15T05:38:29 EST" finished-at="2022-01-15T05:38:32 EST">
          <reporter-output>
          </reporter-output>
        </test-method> <!-- Beforetest -->
        <test-method status="PASS" signature="EndtoEndTesting()[pri:0, instance:TestScripts.validateEndtoEndProductBuyTSP@9a7504c]" name="EndtoEndTesting" duration-ms="3814" started-at="2022-01-15T05:38:32 EST" finished-at="2022-01-15T05:38:35 EST">
          <reporter-output>
          </reporter-output>
        </test-method> <!-- EndtoEndTesting -->
        <test-method status="PASS" signature="closeTest()[pri:0, instance:TestScripts.validateEndtoEndProductBuyTSP@9a7504c]" name="closeTest" is-config="true" duration-ms="811" started-at="2022-01-15T05:38:35 EST" finished-at="2022-01-15T05:38:36 EST">
          <reporter-output>
          </reporter-output>
        </test-method> <!-- closeTest -->
      </class> <!-- TestScripts.validateEndtoEndProductBuyTSP -->
    </test> <!-- Default test -->
  </suite> <!-- Default suite -->
</testng-results>
