<?xml version="1.0" encoding="UTF-8"?>
<!-- Generated by org.testng.reporters.JUnitXMLReporter -->
<testsuite hostname="DESKTOP-2QPEL12" ignored="0" name="release 4.32 regression tests" tests="5" failures="0" timestamp="15 Jan 2022 11:10:36 GMT" time="18.601" errors="0">
  <testcase name="ValidatePositiveLogin" time="2.651" classname="TestScripts.sauceValidateEleTSP$validateElements"/>
  <testcase name="ValidatePositiveLogin1" time="2.331" classname="TestScripts.sauceValidateEleTSP$validateElements"/>
  <testcase name="Elementdisplayed" time="0.234" classname="TestScripts.validateElements"/>
  <testcase name="ValidateLockeOutLogin" time="0.319" classname="TestScripts.sauceValidateEleTSP$validateElements"/>
  <testcase name="ElementsEnabled" time="0.092" classname="TestScripts.validateElements"/>
</testsuite> <!-- release 4.32 regression tests -->
